[debug] > Exec(early(addDefaultCommands), None, None)
[debug] > Exec(addDefaultCommands, None, None)
[debug] > Exec(early(initialize), None, None)
[debug] > Exec(initialize, None, None)
[debug] > Exec(boot, None, None)
[debug] > Exec(writeSbtVersion, None, None)
[debug] > Exec(reload, None, None)
[debug] > Exec(sbtStashOnFailure, None, None)
[debug] > Exec(onFailure loadFailed, None, None)
[debug] > Exec(loadp, None, None)
[info] welcome to sbt 1.10.5 (Amazon.com Inc. Java 11.0.24)
[debug]       Load.loadUnit: plugins took 106.6307ms
[debug]       Load.loadUnit: defsScala took 0.3229ms
[debug] [Loading] Scanning directory C:\Users\thiri\.sbt\1.0\plugins
[debug] [Loading] Found non-root projects 
[debug] [Loading] Done in C:\Users\thiri\.sbt\1.0\plugins, returning: ()
[debug] deducing auto plugins based on known facts Set(Atom(sbt.plugins.CorePlugin)) and clauses Clauses(Clause(Atom(sbt.plugins.JvmPlugin),Set(Atom(sbt.plugins.IvyPlugin)))
[debug] Clause(Atom(sbt.ScriptedPlugin),Set(Atom(sbt.plugins.JvmPlugin)))
[debug] Clause(Atom(sbt.plugins.SbtPlugin),Set(Atom(sbt.ScriptedPlugin)))
[debug] Clause(Atom(sbt.plugins.SemanticdbPlugin),Set(Atom(sbt.plugins.JvmPlugin)))
[debug] Clause(Atom(sbt.plugins.JUnitXmlReportPlugin),Set(Atom(sbt.plugins.JvmPlugin)))
[debug] Clause(Atom(sbt.plugins.MiniDependencyTreePlugin),Set(Atom(sbt.plugins.JvmPlugin)))
[debug] Clause(Atom(sbt.plugins.CorePlugin),Set(Atom(sbt.plugins.IvyPlugin)))
[debug] Clause(Atom(sbt.plugins.IvyPlugin),Set(Atom(sbt.plugins.JvmPlugin)))
[debug] Clause(Atom(sbt.plugins.JvmPlugin),Set(Atom(sbt.plugins.SemanticdbPlugin)))
[debug] Clause(Atom(sbt.plugins.JvmPlugin),Set(Atom(sbt.plugins.JUnitXmlReportPlugin)))
[debug] Clause(Atom(sbt.plugins.CorePlugin),Set(Atom(sbt.plugins.Giter8TemplatePlugin)))
[debug] Clause(Atom(sbt.plugins.JvmPlugin),Set(Atom(sbt.plugins.MiniDependencyTreePlugin))))
[debug]   :: deduced result: Matched(sbt.plugins.CorePlugin,sbt.plugins.Giter8TemplatePlugin,sbt.plugins.IvyPlugin,sbt.plugins.JvmPlugin,sbt.plugins.MiniDependencyTreePlugin,sbt.plugins.JUnitXmlReportPlugin,sbt.plugins.SemanticdbPlugin)
[debug] Plugins.deducer#function took 20.3566 ms
[debug]           Load.resolveProject(global-plugins) took 40.867ms
[debug]         Load.loadTransitive: finalizeProject(Project(id global-plugins, base: C:\Users\thiri\.sbt\1.0\plugins, plugins: List(<none>))) took 94.144ms
[debug] [Loading] Done in C:\Users\thiri\.sbt\1.0\plugins, returning: (global-plugins)
[debug]       Load.loadUnit: loadedProjectsRaw took 125.9117ms
[debug]       Load.loadUnit: cleanEvalClasses took 0.2509ms
[debug]     Load.loadUnit(file:/C:/Users/thiri/.sbt/1.0/plugins/, ...) took 253.4345ms
[debug]   Load.apply: load took 526.1343ms
[debug]   Load.apply: resolveProjects took 9.879ms
[debug]   Load.apply: finalTransforms took 74.29ms
[debug]   Load.apply: config.delegates took 23.8379ms
[debug]   Load.apply: Def.make(settings)... took 1152.3647ms
[debug]   Load.apply: structureIndex took 182.1162ms
[debug]   Load.apply: mkStreams took 7.0684ms
[info] loading global plugins from C:\Users\thiri\.sbt\1.0\plugins
[debug] Running task... Cancel: Signal, check cycles: false, forcegc: true
[debug] Load.defaultLoad until apply took 6651.3985ms
[debug]           Load.loadUnit: plugins took 22.5644ms
[debug]           Load.loadUnit: defsScala took 0.0033ms
[debug] [Loading] Scanning directory C:\Users\thiri\Documents\1_POLYTECH\5A cours\IG5_FP_Project\project
[debug] [Loading] Found non-root projects 
[debug] [Loading] Done in C:\Users\thiri\Documents\1_POLYTECH\5A cours\IG5_FP_Project\project, returning: ()
[debug] deducing auto plugins based on known facts Set(Atom(sbt.plugins.CorePlugin)) and clauses Clauses(Clause(Atom(sbt.plugins.JvmPlugin),Set(Atom(sbt.plugins.IvyPlugin)))
[debug] Clause(Atom(sbt.ScriptedPlugin),Set(Atom(sbt.plugins.JvmPlugin)))
[debug] Clause(Atom(sbt.plugins.SbtPlugin),Set(Atom(sbt.ScriptedPlugin)))
[debug] Clause(Atom(sbt.plugins.SemanticdbPlugin),Set(Atom(sbt.plugins.JvmPlugin)))
[debug] Clause(Atom(sbt.plugins.JUnitXmlReportPlugin),Set(Atom(sbt.plugins.JvmPlugin)))
[debug] Clause(Atom(sbt.plugins.MiniDependencyTreePlugin),Set(Atom(sbt.plugins.JvmPlugin)))
[debug] Clause(Atom(sbt.plugins.CorePlugin),Set(Atom(sbt.plugins.IvyPlugin)))
[debug] Clause(Atom(sbt.plugins.IvyPlugin),Set(Atom(sbt.plugins.JvmPlugin)))
[debug] Clause(Atom(sbt.plugins.JvmPlugin),Set(Atom(sbt.plugins.SemanticdbPlugin)))
[debug] Clause(Atom(sbt.plugins.JvmPlugin),Set(Atom(sbt.plugins.JUnitXmlReportPlugin)))
[debug] Clause(Atom(sbt.plugins.CorePlugin),Set(Atom(sbt.plugins.Giter8TemplatePlugin)))
[debug] Clause(Atom(sbt.plugins.JvmPlugin),Set(Atom(sbt.plugins.MiniDependencyTreePlugin))))
[debug]   :: deduced result: Matched(sbt.plugins.CorePlugin,sbt.plugins.Giter8TemplatePlugin,sbt.plugins.IvyPlugin,sbt.plugins.JvmPlugin,sbt.plugins.MiniDependencyTreePlugin,sbt.plugins.JUnitXmlReportPlugin,sbt.plugins.SemanticdbPlugin)
[debug] Plugins.deducer#function took 1.3779 ms
[debug]               Load.resolveProject(ig5_fp_project-build) took 2.1276ms
[debug]             Load.loadTransitive: finalizeProject(Project(id ig5_fp_project-build, base: C:\Users\thiri\Documents\1_POLYTECH\5A cours\IG5_FP_Project\project, plugins: List(<none>))) took 4.0176ms
[debug] [Loading] Done in C:\Users\thiri\Documents\1_POLYTECH\5A cours\IG5_FP_Project\project, returning: (ig5_fp_project-build)
[debug]           Load.loadUnit: loadedProjectsRaw took 5.6809ms
[debug]           Load.loadUnit: cleanEvalClasses took 0.0153ms
[debug]         Load.loadUnit(file:/C:/Users/thiri/Documents/1_POLYTECH/5A%20cours/IG5_FP_Project/project/, ...) took 29.1935ms
[debug]       Load.apply: load took 30.9565ms
[debug]       Load.apply: resolveProjects took 0.1031ms
[debug]       Load.apply: finalTransforms took 7.4265ms
[debug]       Load.apply: config.delegates took 0.4286ms
[debug]       Load.apply: Def.make(settings)... took 75.4676ms
[debug]       Load.apply: structureIndex took 22.9368ms
[debug]       Load.apply: mkStreams took 0.0041ms
[info] loading project definition from C:\Users\thiri\Documents\1_POLYTECH\5A cours\IG5_FP_Project\project
[debug] Running task... Cancel: Signal, check cycles: false, forcegc: true
[debug]     Load.loadUnit: plugins took 553.7124ms
[debug]     Load.loadUnit: defsScala took 0.0068ms
[debug] [Loading] Scanning directory C:\Users\thiri\Documents\1_POLYTECH\5A cours\IG5_FP_Project
[debug]       Load.loadUnit: mkEval took 10.8605ms
[debug] [Loading] Found root project root w/ remaining 
[debug] deducing auto plugins based on known facts Set(Atom(sbt.plugins.CorePlugin)) and clauses Clauses(Clause(Atom(sbt.plugins.JvmPlugin),Set(Atom(sbt.plugins.IvyPlugin)))
[debug] Clause(Atom(sbt.ScriptedPlugin),Set(Atom(sbt.plugins.JvmPlugin)))
[debug] Clause(Atom(sbt.plugins.SbtPlugin),Set(Atom(sbt.ScriptedPlugin)))
[debug] Clause(Atom(sbt.plugins.SemanticdbPlugin),Set(Atom(sbt.plugins.JvmPlugin)))
[debug] Clause(Atom(sbt.plugins.JUnitXmlReportPlugin),Set(Atom(sbt.plugins.JvmPlugin)))
[debug] Clause(Atom(sbt.plugins.MiniDependencyTreePlugin),Set(Atom(sbt.plugins.JvmPlugin)))
[debug] Clause(Atom(sbt.plugins.CorePlugin),Set(Atom(sbt.plugins.IvyPlugin)))
[debug] Clause(Atom(sbt.plugins.IvyPlugin),Set(Atom(sbt.plugins.JvmPlugin)))
[debug] Clause(Atom(sbt.plugins.JvmPlugin),Set(Atom(sbt.plugins.SemanticdbPlugin)))
[debug] Clause(Atom(sbt.plugins.JvmPlugin),Set(Atom(sbt.plugins.JUnitXmlReportPlugin)))
[debug] Clause(Atom(sbt.plugins.CorePlugin),Set(Atom(sbt.plugins.Giter8TemplatePlugin)))
[debug] Clause(Atom(sbt.plugins.JvmPlugin),Set(Atom(sbt.plugins.MiniDependencyTreePlugin))))
[debug]   :: deduced result: Matched(sbt.plugins.CorePlugin,sbt.plugins.Giter8TemplatePlugin,sbt.plugins.IvyPlugin,sbt.plugins.JvmPlugin,sbt.plugins.MiniDependencyTreePlugin,sbt.plugins.JUnitXmlReportPlugin,sbt.plugins.SemanticdbPlugin)
[debug] Plugins.deducer#function took 1.1318 ms
[info] loading settings for project root from build.sbt ...
[debug]         Load.resolveProject(root) took 2.4495ms
[debug]       Load.loadTransitive: finalizeProject(Project(id root, base: C:\Users\thiri\Documents\1_POLYTECH\5A cours\IG5_FP_Project, plugins: List(<none>))) took 4.542ms
[debug] [Loading] Done in C:\Users\thiri\Documents\1_POLYTECH\5A cours\IG5_FP_Project, returning: (root)
[debug]     Load.loadUnit: loadedProjectsRaw took 257.4761ms
[debug]     Load.loadUnit: cleanEvalClasses took 8.1815ms
[debug]   Load.loadUnit(file:/C:/Users/thiri/Documents/1_POLYTECH/5A%20cours/IG5_FP_Project/, ...) took 820.2025ms
[debug] Load.apply: load took 822.5356ms
[debug] Load.apply: resolveProjects took 0.2379ms
[debug] Load.apply: finalTransforms took 8.9796ms
[debug] Load.apply: config.delegates took 0.3703ms
[debug] Load.apply: Def.make(settings)... took 51.6202ms
[debug] Load.apply: structureIndex took 23.714ms
[debug] Load.apply: mkStreams took 0.0044ms
[info] set current project to IG5_FP_Project (in build file:/C:/Users/thiri/Documents/1_POLYTECH/5A%20cours/IG5_FP_Project/)
[debug] > Exec(sbtPopOnFailure, None, None)
[debug] > Exec(resumeFromFailure, None, None)
[debug] > Exec(notifyUsersAboutShell, None, None)
[debug] > Exec(iflast shell, None, None)
[debug] > Exec(shell, None, None)
[info] sbt server started at local:sbt-server-3ac0ff1cf791e902cfa3
[debug] Writing bsp connection file
[info] started sbt server
